
================================================================
  RHODOTRON FDFD — PEC + CONFORMAL IBC FULL SOLVE
================================================================


============================================
  CUDA Device: NVIDIA GeForce RTX 4060 Laptop GPU
============================================
  Compute capability : 8.9
  Multiprocessors    : 24
  Global memory      : 8.6 GB
  Shared mem / block : 48.0 KB
  Max threads / block: 1024
  Warp size          : 32
  Clock rate         : 1.9 GHz
  Memory clock       : 8.0 GHz
  Memory bus width   : 128 bits
  L2 cache size      : 32768 KB
  Max grid dims      : [2147483647, 65535, 65535]
============================================

  GPU Memory [startup]: 1144.5 MB used / 8585.2 MB total (7440.7 MB free)
  Geometry: a=0.3333, b=1.0000, L=1.3950 m
  Radial pipes: 10 passes, r_pipe=12.5 mm, l_pipe=50.0 mm
  Endcap z0: r=0.850 m, R=100.0 mm, L=280 mm
  Endcap zL: r=0.850 m, R=90.0 mm, L=250 mm

  Extended grid (radial + axial pipes):
    r ∈ [0.3333, 1.0000] m (cavity) + [1.0000, 1.0500] m (pipe)
    z ∈ [-0.2800, 0.0000] m (z0-pipe) + [0.0000, 1.3950] m (cavity) + [1.3950, 1.6450] m (zL-pipe)
    Nr = 88 (cavity: 81 + pipe: 7)
    Nz = 117 (z0-pipe: 17 + cavity: 84 + zL-pipe: 16)
    dr = 8.14 mm,  dz = 16.61 mm
    z-offset: grid k=0 → z_phys = -0.2800 m
    Cavity starts at k = 17
    Cavity ends   at k = 101
  Grid: Nr=88, Nphi=256, Nz=117
  dr=0.008144 m, dphi=0.024544 rad, dz=0.016607 m
  Endplate k-indices: z0 at k=17, zL at k=101 (of Nz=117)
  z0_offset = 0.2823 m

  Building material mask...

  Material Mask Statistics:
    Domain: r ∈ [0.3333, 1.0500] m
    Er:   1789628 vacuum / 2658304 total (67.3%)
    Ephi: 1789670 vacuum / 2688512 total (66.6%)
    Ez:   1768888 vacuum / 2665728 total (66.4%)
    Total: 5348186 vacuum, 2664358 PEC (33.3% PEC)

  Building conformal geometry data...
    Pipe 0: φ=0.0000, z=0.6975, j_cen=0, k_cen=59, i=[79,88], dj=4, dk=4
    Pipe 1: φ=3.1416, z=0.6975, j_cen=128, k_cen=59, i=[79,88], dj=4, dk=4
    Pipe 2: φ=0.3142, z=0.6975, j_cen=12, k_cen=59, i=[79,88], dj=4, dk=4
    Pipe 3: φ=3.4558, z=0.6975, j_cen=140, k_cen=59, i=[79,88], dj=4, dk=4
    Pipe 4: φ=0.6283, z=0.6975, j_cen=25, k_cen=59, i=[79,88], dj=4, dk=4
    Pipe 5: φ=3.7699, z=0.6975, j_cen=153, k_cen=59, i=[79,88], dj=4, dk=4
    Pipe 6: φ=0.9425, z=0.6975, j_cen=38, k_cen=59, i=[79,88], dj=4, dk=4
    Pipe 7: φ=4.0841, z=0.6975, j_cen=166, k_cen=59, i=[79,88], dj=4, dk=4
    Pipe 8: φ=1.2566, z=0.6975, j_cen=51, k_cen=59, i=[79,88], dj=4, dk=4
    Pipe 9: φ=4.3982, z=0.6975, j_cen=179, k_cen=59, i=[79,88], dj=4, dk=4
    Pipe 10: φ=1.5708, z=0.6975, j_cen=64, k_cen=59, i=[79,88], dj=4, dk=4
    Pipe 11: φ=4.7124, z=0.6975, j_cen=192, k_cen=59, i=[79,88], dj=4, dk=4
    Pipe 12: φ=1.8850, z=0.6975, j_cen=76, k_cen=59, i=[79,88], dj=4, dk=4
    Pipe 13: φ=5.0265, z=0.6975, j_cen=204, k_cen=59, i=[79,88], dj=4, dk=4
    Pipe 14: φ=2.1991, z=0.6975, j_cen=89, k_cen=59, i=[79,88], dj=4, dk=4
    Pipe 15: φ=5.3407, z=0.6975, j_cen=217, k_cen=59, i=[79,88], dj=4, dk=4
    Pipe 16: φ=2.5133, z=0.6975, j_cen=102, k_cen=59, i=[79,88], dj=4, dk=4
    Pipe 17: φ=5.6549, z=0.6975, j_cen=230, k_cen=59, i=[79,88], dj=4, dk=4
    Pipe 18: φ=2.8274, z=0.6975, j_cen=115, k_cen=59, i=[79,88], dj=4, dk=4
    Pipe 19: φ=5.9690, z=0.6975, j_cen=243, k_cen=59, i=[79,88], dj=4, dk=4

  Conformal Geometry Statistics:
    Er:   2477176 vacuum / 0 cut / 181128 PEC  (of 2658304)
    Ephi: 2477056 vacuum / 240 cut / 211216 PEC  (of 2688512)
    Ez:   2456064 vacuum / 240 cut / 209424 PEC  (of 2665728)
    Total edges: 8012544, cut: 480 (0.006%)
    IBC boundary: Er=664, Ephi=128, Ez=240, total=1032
    Memory: 366.4 MB (CPU)
  IBC mask: flipped 43782 Er + 64460 Ephi + 23412 Ez = 131654 surface cells
  IBC unmask: set edge_frac=1 at 384 Er + 21952 Ephi + 21744 Ez = 44080 surface cells
  Face area fixup: 16 Hr + 112 Hphi + 72 Hz faces restored (cavity-side only)

  Total DOFs: 8012544 (8.0 M)
  GPU: 6.9 GB free of 8.0 GB

================================================================
  PHASE 1: PEC FULL MODEL (conformal stencil, PEC walls)
================================================================

  Port masks: 288 free boundary points (ports)
    PEC Pipe RQI: sigma0 = 5.071083
      iter 0: k2 = 5.0685120723, MINRES iters = 1122
      iter 1: k2 = 5.0685120724, MINRES iters = 1716
    PEC converged.

  PEC Results:
    k²      = 5.0685120724 1/m²
    f       = 107.418993 MHz
    Q(surf) = 0
    Time    = 46.0 s


  ┌──────────────────────────────────────────────────────────┐
  │  R/Q: PEC (full model)                                │
  ├──────────────────────────────────────────────────────────┤
  │  Mode:                                                  │
  │    Frequency      = 107.418993   MHz                  │
  │    omega          = 6.749334e+08   rad/s               │
  │    W_stored       = 4.427094e-12   [arb]                │
  ├──────────────────────────────────────────────────────────┤
  │  Gap voltage (per crossing):                            │
  │    V_avg          = 4.920357e-01   [arb]                │
  │    V_min          = 4.906335e-01                        │
  │    V_max          = 4.934708e-01                        │
  │    Spread         = 0.5766%                          │
  ├──────────────────────────────────────────────────────────┤
  │  R/Q per single crossing:                               │
  │    Linac   V^2/(wW) =    81.0240 Ohm                 │
  │    Circuit V^2/(2wW)=    40.5120 Ohm                 │
  │  R/Q per pass (2 crossings):                            │
  │    Linac            =   324.0960 Ohm                 │
  │    Circuit          =   162.0480 Ohm                 │
  │  R/Q total (10 passes, 20 crossings):              │
  │    V_total         = 9.840715e+00                        │
  │    Linac           =   32409.60 Ohm                 │
  │    Circuit         =   16204.80 Ohm                 │
  ├──────────────────────────────────────────────────────────┤
  │  Analytical (TEM HWR):                                  │
  │    R/Q_linac       =    83.8774 Ohm  (per crossing)  │
  │    R/Q_circuit     =    41.9387 Ohm  (per crossing)  │
  └──────────────────────────────────────────────────────────┘

  Per-pass breakdown:
   Pass     phi_entry       V_entry        V_exit        V_pass    R/Q_pass
  -----    ----------    ----------    ----------    ----------  ----------
      1       0.00 deg  -4.906374e-01  -4.906335e-01  9.812709e-01    322.2539
      2      18.00 deg  -4.928851e-01  -4.927626e-01  9.856476e-01    325.1350
      3      36.00 deg  -4.916599e-01  -4.914191e-01  9.830790e-01    323.4425
      4      54.00 deg  -4.918708e-01  -4.915134e-01  9.833842e-01    323.6434
      5      72.00 deg  -4.934708e-01  -4.930124e-01  9.864833e-01    325.6865
      6      90.00 deg  -4.914100e-01  -4.909123e-01  9.823223e-01    322.9448
      7     108.00 deg  -4.934559e-01  -4.930027e-01  9.864586e-01    325.6702
      8     126.00 deg  -4.918539e-01  -4.915038e-01  9.833577e-01    323.6260
      9     144.00 deg  -4.916501e-01  -4.914170e-01  9.830670e-01    323.4347
     10     162.00 deg  -4.928795e-01  -4.927647e-01  9.856442e-01    325.1327

  Exporting PEC field data...

  ┌──────────────────────────────────────────────────────┐
  │  FIELD DATA EXPORT                                   │
  │  Prefix: pec                                        │
  ├──────────────────────────────────────────────────────┤
  Note: flipping eigenvector sign (Er was negative)
  │  2D slices:                                          │
  Exported: pec_Er_rz.csv
  Exported: pec_Er_rphi.csv
  Exported: pec_Hloss_inner.csv
  Exported: pec_Hloss_outer.csv
  Exported: pec_Hloss_z0.csv
  Exported: pec_Hloss_zL.csv
  │  1D profiles:                                        │
  Exported: pec_Er_vs_r.csv
  Exported: pec_Er_vs_z.csv
  Exported: pec_Er_vs_phi.csv
  Exported: pec_Hphi_vs_z.csv
  └──────────────────────────────────────────────────────┘

================================================================
  PHASE 2: CONFORMAL IBC ITERATIVE (RQI + GMRES)
================================================================

  Port masks: 288 free boundary points (ports)
  GPU Operator initialized in IBC (complex) mode
  Working arrays: 6 E-field + 6 H-field arrays (re+im)
  IBC mask: flipped 43782 Er + 64460 Ephi + 23412 Ez = 131654 surface cells
  IBC boundary weights (on surface cells):
    Er:   43782 boundary cells
    Ephi: 64460 boundary cells
    Ez:   23412 boundary cells
    Total: 131654
  GPU conformal data: 366.4 MB uploaded
  Endplate z0 Er mask: 198 pipe-hole cells
  Endplate z0 Ephi mask: 196 pipe-hole cells
  Endplate zL Er mask: 154 pipe-hole cells
  Endplate zL Ephi mask: 150 pipe-hole cells
  Conformal pipe operator initialized (IBC mask + endplate grid-plane IBC).

  Complex Rayleigh Quotient Iteration (IBC, GPU):
  Iter   k2_re            k2_im         Q             Residual      GMRES   iter_s  
  -------------------------------------------------------------------------------------
  0         5.0686177927  -1.05568e-04       48012.9   2.84441e+00     300    47.07s
  1         5.0684033636  -1.05311e-04       48128.2   1.18873e-01    2000   281.17s
  2         5.0683994946  -1.05315e-04       48125.9   1.19203e-02    2000   265.46s
  Converged!
  f = 107.417800 MHz,  Q = 48125.9

  Conformal IBC Results:
    Re(k²)  = 5.0683994946 1/m²
    Im(k²)  = -1.053155e-04 1/m²
    f       = 107.417800 MHz
    Q       = 48126 (from eigenvalue: -Re(k²)/Im(k²))
    Converged: YES (residual=1.19e-02, iters=3)
    Time    = 594.0 s


  ┌──────────────────────────────────────────────────────────┐
  │  R/Q: Conformal IBC (iterative)                       │
  ├──────────────────────────────────────────────────────────┤
  │  Mode:                                                  │
  │    Frequency      = 107.417800   MHz                  │
  │    omega          = 6.749259e+08   rad/s               │
  │    W_stored       = 6.818841e-13   [arb]                │
  ├──────────────────────────────────────────────────────────┤
  │  Gap voltage (per crossing):                            │
  │    V_avg          = 1.932518e-01   [arb]                │
  │    V_min          = 1.928606e-01                        │
  │    V_max          = 1.936659e-01                        │
  │    Spread         = 0.4167%                          │
  ├──────────────────────────────────────────────────────────┤
  │  R/Q per single crossing:                               │
  │    Linac   V^2/(wW) =    81.1484 Ohm                 │
  │    Circuit V^2/(2wW)=    40.5742 Ohm                 │
  │  R/Q per pass (2 crossings):                            │
  │    Linac            =   324.5938 Ohm                 │
  │    Circuit          =   162.2969 Ohm                 │
  │  R/Q total (10 passes, 20 crossings):              │
  │    V_total         = 3.865035e+00                        │
  │    Linac           =   32459.38 Ohm                 │
  │    Circuit         =   16229.69 Ohm                 │
  ├──────────────────────────────────────────────────────────┤
  │  Analytical (TEM HWR):                                  │
  │    R/Q_linac       =    83.8774 Ohm  (per crossing)  │
  │    R/Q_circuit     =    41.9387 Ohm  (per crossing)  │
  └──────────────────────────────────────────────────────────┘

  Per-pass breakdown:
   Pass     phi_entry       V_entry        V_exit        V_pass    R/Q_pass
  -----    ----------    ----------    ----------    ----------  ----------
      1       0.00 deg  -1.932954e-01  -1.932938e-01  3.865892e-01    324.7377
      2      18.00 deg  -1.934369e-01  -1.933888e-01  3.868257e-01    325.1352
      3      36.00 deg  -1.929568e-01  -1.928623e-01  3.858190e-01    323.4451
      4      54.00 deg  -1.930387e-01  -1.928985e-01  3.859372e-01    323.6434
      5      72.00 deg  -1.936659e-01  -1.934860e-01  3.871519e-01    325.6838
      6      90.00 deg  -1.936004e-01  -1.934041e-01  3.870045e-01    325.4358
      7     108.00 deg  -1.936610e-01  -1.934831e-01  3.871441e-01    325.6706
      8     126.00 deg  -1.930329e-01  -1.928955e-01  3.859285e-01    323.6286
      9     144.00 deg  -1.929521e-01  -1.928606e-01  3.858127e-01    323.4344
     10     162.00 deg  -1.934337e-01  -1.933887e-01  3.868224e-01    325.1297

  Exporting IBC field data...

  ┌──────────────────────────────────────────────────────┐
  │  FIELD DATA EXPORT                                   │
  │  Prefix: ibc                                        │
  ├──────────────────────────────────────────────────────┤
  Note: flipping eigenvector sign (Er was negative)
  │  2D slices:                                          │
  Exported: ibc_Er_rz.csv
  Exported: ibc_Er_rphi.csv
  Exported: ibc_Hloss_inner.csv
  Exported: ibc_Hloss_outer.csv
  Exported: ibc_Hloss_z0.csv
  Exported: ibc_Hloss_zL.csv
  │  1D profiles:                                        │
  Exported: ibc_Er_vs_r.csv
  Exported: ibc_Er_vs_z.csv
  Exported: ibc_Er_vs_phi.csv
  Exported: ibc_Hphi_vs_z.csv
  └──────────────────────────────────────────────────────┘
[field_map] phase rotation: ref Er at (i=0, j=36, k=59), |v|=1.465e+00, theta=113.11 deg
[field_map] after rotation: max|Re Er|=1.465e+00  max|Im Er|=1.696e-04  ratio=1.16e-04
[field_map] normalized: divisor (peak |Er|) = 1.465411e+00
[field_map]  |Er|max = 9.5743e-01 at (i=0, j=35, k_cav=41)
[field_map]  |Ephi|max = 1.8234e-01 at (i=0, j=40, k_cav=41)
[field_map]  |Ez|max = 2.4925e-01 at (i=0, j=38, k_cav=42)
[field_map]  |Br|max = 5.6296e-10 at (i=56, j=68, k_cav=0)
[field_map]  |Bphi|max = 3.0736e-09 at (i=0, j=63, k_cav=83)
[field_map]  |Bz|max = 1.2059e-09 at (i=67, j=68, k_cav=0)
[field_map] |E|max / |B|max  = 3.1151e+08  (vacuum: 2.998e+08)
[field_map] wrote cavity_field.bin
            grid = 88 x 256 x 84 cells, 86.63 MB
            header: a=0.3333 m, b=1.0500 m, L=1.3950 m (cavity-only)
            freq = 107.4178 MHz, omega = 6.749259e+08 rad/s
[field_map] verify: on-disk peak |Er| = 9.5743e-01 (expect ~1.0000e+00)

================================================================
  COMPARISON
================================================================

                                      Analytical           PEC  IBC Conformal
                                      ----------           ---  -------------
    Frequency (MHz)                     107.4525      107.4190      107.4178
    Q factor                               48202             0         48126
    R/Q crossing (linac, Ohm)            83.8774       81.0240       81.1484
    R/Q total (linac, Ohm)                   —      32409.60      32459.38

    f shift (IBC vs PEC):  -0.0011%
    Q shift (IBC vs PEC):  +0.00%

  Writing summary file...
  Summary written to: results_summary.txt

================================================================
  DONE — Results in results_summary.txt
  PEC fields:  pec_Er_rz.csv, pec_Er_rphi.csv, ...
  IBC fields:  ibc_Er_rz.csv, ibc_Er_rphi.csv, ...
================================================================

